<?xml version="1.0" encoding="UTF-8"?>
<testng-results skipped="0" failed="1" ignored="1" total="2" passed="0">
  <reporter-output>
  </reporter-output>
  <suite name="Default suite" duration-ms="31517" started-at="2020-07-24T13:11:20Z" finished-at="2020-07-24T13:11:52Z">
    <groups>
    </groups>
    <test name="Default test" duration-ms="31517" started-at="2020-07-24T13:11:20Z" finished-at="2020-07-24T13:11:52Z">
      <class name="com.qa.ParasoftTestCases.LoginTestCase">
        <test-method status="PASS" signature="signup()[pri:0, instance:com.qa.ParasoftTestCases.LoginTestCase@17c8ad9]" name="signup" is-config="true" duration-ms="30572" started-at="2020-07-24T13:11:20Z" finished-at="2020-07-24T13:11:51Z">
          <reporter-output>
          </reporter-output>
        </test-method> <!-- signup -->
        <test-method status="FAIL" signature="validateLaunchPageTitleTest()[pri:1, instance:com.qa.ParasoftTestCases.LoginTestCase@17c8ad9]" name="validateLaunchPageTitleTest" duration-ms="51" started-at="2020-07-24T13:11:51Z" finished-at="2020-07-24T13:11:51Z">
          <exception class="java.lang.AssertionError">
            <message>
              <![CDATA[expected [ParaBank | Welcome | Online Banking] but found [ParaBank1 | Welcome | Online Banking]]]>
            </message>
            <full-stacktrace>
              <![CDATA[java.lang.AssertionError: expected [ParaBank | Welcome | Online Banking] but found [ParaBank1 | Welcome | Online Banking]
at org.testng.Assert.fail(Assert.java:96)
at org.testng.Assert.failNotEquals(Assert.java:776)
at org.testng.Assert.assertEqualsImpl(Assert.java:137)
at org.testng.Assert.assertEquals(Assert.java:118)
at org.testng.Assert.assertEquals(Assert.java:453)
at org.testng.Assert.assertEquals(Assert.java:463)
at com.qa.ParasoftTestCases.LoginTestCase.validateLaunchPageTitleTest(LoginTestCase.java:39)
at sun.reflect.NativeMethodAccessorImpl.invoke0(Native Method)
at sun.reflect.NativeMethodAccessorImpl.invoke(NativeMethodAccessorImpl.java:62)
at sun.reflect.DelegatingMethodAccessorImpl.invoke(DelegatingMethodAccessorImpl.java:43)
at java.lang.reflect.Method.invoke(Method.java:498)
at org.testng.internal.MethodInvocationHelper.invokeMethod(MethodInvocationHelper.java:124)
at org.testng.internal.Invoker.invokeMethod(Invoker.java:583)
at org.testng.internal.Invoker.invokeTestMethod(Invoker.java:719)
at org.testng.internal.Invoker.invokeTestMethods(Invoker.java:989)
at org.testng.internal.TestMethodWorker.invokeTestMethods(TestMethodWorker.java:125)
at org.testng.internal.TestMethodWorker.run(TestMethodWorker.java:109)
at org.testng.TestRunner.privateRun(TestRunner.java:648)
at org.testng.TestRunner.run(TestRunner.java:505)
at org.testng.SuiteRunner.runTest(SuiteRunner.java:455)
at org.testng.SuiteRunner.runSequentially(SuiteRunner.java:450)
at org.testng.SuiteRunner.privateRun(SuiteRunner.java:415)
at org.testng.SuiteRunner.run(SuiteRunner.java:364)
at org.testng.SuiteRunnerWorker.runSuite(SuiteRunnerWorker.java:52)
at org.testng.SuiteRunnerWorker.run(SuiteRunnerWorker.java:84)
at org.testng.TestNG.runSuitesSequentially(TestNG.java:1208)
at org.testng.TestNG.runSuitesLocally(TestNG.java:1137)
at org.testng.TestNG.runSuites(TestNG.java:1049)
at org.testng.TestNG.run(TestNG.java:1017)
at org.testng.remote.AbstractRemoteTestNG.run(AbstractRemoteTestNG.java:115)
at org.testng.remote.RemoteTestNG.initAndRun(RemoteTestNG.java:251)
at org.testng.remote.RemoteTestNG.main(RemoteTestNG.java:77)
]]>
            </full-stacktrace>
          </exception> <!-- java.lang.AssertionError -->
          <reporter-output>
          </reporter-output>
        </test-method> <!-- validateLaunchPageTitleTest -->
        <test-method status="PASS" signature="tearDown()[pri:0, instance:com.qa.ParasoftTestCases.LoginTestCase@17c8ad9]" name="tearDown" is-config="true" duration-ms="750" started-at="2020-07-24T13:11:51Z" finished-at="2020-07-24T13:11:52Z">
          <reporter-output>
          </reporter-output>
        </test-method> <!-- tearDown -->
      </class> <!-- com.qa.ParasoftTestCases.LoginTestCase -->
    </test> <!-- Default test -->
  </suite> <!-- Default suite -->
</testng-results>
